<?xml version="1.0" encoding="UTF-8"?>
<!-- Generated by org.testng.reporters.JUnitReportReporter -->
<testsuite skipped="0" hostname="exalogic-10" name="com.inmegh.cms.test.regression.VerifyLoginPage" tests="1" failures="0" timestamp="10 Oct 2017 05:28:46 GMT" time="11.958" errors="0">
  <testcase name="verifyValidLogin" time="11.958" classname="com.inmegh.cms.test.regression.VerifyLoginPage"/>
</testsuite> <!-- com.inmegh.cms.test.regression.VerifyLoginPage -->
